<?xml version="1.0" encoding="UTF-8"?>
<!-- Generated by org.testng.reporters.JUnitReportReporter -->
<testsuite hostname="iDeliver20-PC" name="com.SaleForce.e2e.T_Contracts" tests="4" failures="0" timestamp="11 Nov 2019 16:38:59 GMT" time="62.049" errors="0">
  <testcase name="Login" time="25.761" classname="com.SaleForce.e2e.T_Contracts"/>
  <testcase name="Launch" time="9.243" classname="com.SaleForce.e2e.T_Contracts"/>
  <testcase name="Close" time="2.097" classname="com.SaleForce.e2e.T_Contracts"/>
  <testcase name="Contract_Create" time="24.948" classname="com.SaleForce.e2e.T_Contracts"/>
</testsuite> <!-- com.SaleForce.e2e.T_Contracts -->
