<?xml version="1.0" encoding="UTF-8"?>
<!-- Generated by org.testng.reporters.JUnitReportReporter -->
<testsuite skipped="0" hostname="iDeliver8" name="com.SaleForce.e2e.T_CreateLeads" tests="3" failures="0" timestamp="24 Oct 2019 13:09:52 GMT" time="187.657" errors="0">
  <testcase name="Launch" time="13.281" classname="com.SaleForce.e2e.T_CreateLeads"/>
  <testcase name="Login" time="47.076" classname="com.SaleForce.e2e.T_CreateLeads"/>
  <testcase name="Lead_Create" time="127.300" classname="com.SaleForce.e2e.T_CreateLeads"/>
</testsuite> <!-- com.SaleForce.e2e.T_CreateLeads -->
